<?xml version="1.0" encoding="UTF-8"?>
<testng-results ignored="0" total="2" passed="2" failed="0" skipped="0">
  <reporter-output>
  </reporter-output>
  <suite started-at="2019-12-26T16:05:57 IST" name="Default suite" finished-at="2019-12-26T16:06:01 IST" duration-ms="3899">
    <groups>
    </groups>
    <test started-at="2019-12-26T16:05:57 IST" name="Default test" finished-at="2019-12-26T16:06:01 IST" duration-ms="3899">
      <class name="com.bridgelabz.rest.oauthtest.OAuth2Test">
        <test-method signature="accessValidAPI()[pri:1, instance:com.bridgelabz.rest.oauthtest.OAuth2Test@117e949d]" started-at="2019-12-26T16:05:57 IST" name="accessValidAPI" finished-at="2019-12-26T16:05:59 IST" duration-ms="2025" status="PASS">
          <reporter-output>
          </reporter-output>
        </test-method> <!-- accessValidAPI -->
        <test-method signature="accessInvalidAPI()[pri:2, instance:com.bridgelabz.rest.oauthtest.OAuth2Test@117e949d]" started-at="2019-12-26T16:05:59 IST" name="accessInvalidAPI" finished-at="2019-12-26T16:06:01 IST" duration-ms="1846" status="PASS">
          <reporter-output>
          </reporter-output>
        </test-method> <!-- accessInvalidAPI -->
      </class> <!-- com.bridgelabz.rest.oauthtest.OAuth2Test -->
    </test> <!-- Default test -->
  </suite> <!-- Default suite -->
</testng-results>
