<?xml version="1.0" encoding="UTF-8"?>
<testng-results ignored="0" total="1" passed="1" failed="0" skipped="0">
  <reporter-output>
  </reporter-output>
  <suite started-at="2019-12-25T13:32:49 IST" name="Default suite" finished-at="2019-12-25T13:32:50 IST" duration-ms="973">
    <groups>
    </groups>
    <test started-at="2019-12-25T13:32:49 IST" name="Default test" finished-at="2019-12-25T13:32:50 IST" duration-ms="973">
      <class name="com.bridgelabz.rest.test.GetCallBDD">
        <test-method signature="testGetResponse()[pri:0, instance:com.bridgelabz.rest.test.GetCallBDD@58ea606c]" started-at="2019-12-25T13:32:49 IST" name="testGetResponse" finished-at="2019-12-25T13:32:50 IST" duration-ms="947" status="PASS">
          <reporter-output>
          </reporter-output>
        </test-method> <!-- testGetResponse -->
      </class> <!-- com.bridgelabz.rest.test.GetCallBDD -->
    </test> <!-- Default test -->
  </suite> <!-- Default suite -->
</testng-results>
